[0529/002300.667:INFO:CONSOLE(0)] "A cookie associated with a cross-site resource at http://hm.baidu.com/ was set without the `SameSite` attribute. A future release of Chrome will only deliver cookies with cross-site requests if they are set with `SameSite=None` and `Secure`. You can review cookies in developer tools under Application>Storage>Cookies and see more details at https://www.chromestatus.com/feature/5088147346030592 and https://www.chromestatus.com/feature/5633521622188032.", source: https://www.wiz.cn/pages/go?blogName=newfeature-windows.html&plat=x86&v=4.13.7.0&l=zh-cn& (0)
[0531/151229.713:INFO:CONSOLE(1)] "ReferenceError: WizReader is not defined", source:  (1)
[0531/151821.767:INFO:CONSOLE(1)] "@babel/polyfill is loaded more than once on this page. This is probably not desirable/intended and may have consequences if different versions of the polyfills are applied sequentially. If you do need to load the polyfill more than once, use @babel/polyfill/noConflict instead to bypass the warning.", source: https://wcdn.wiz.cn/wapp/static/js/main.92603935.js (1)
[0531/151821.906:INFO:CONSOLE(1)] "[object Object]", source: https://wcdn.wiz.cn/wapp/static/js/main.92603935.js (1)
[0531/163908.326:WARNING:dns_config_service_win.cc(672)] Failed to read DnsConfig.
[0531/163908.326:WARNING:dns_config_service_win.cc(672)] Failed to read DnsConfig.
[0531/173353.031:WARNING:dns_config_service_win.cc(672)] Failed to read DnsConfig.
[0531/173353.032:WARNING:dns_config_service_win.cc(672)] Failed to read DnsConfig.
[0531/173358.033:WARNING:dns_config_service_win.cc(672)] Failed to read DnsConfig.
[0531/173358.033:WARNING:dns_config_service_win.cc(672)] Failed to read DnsConfig.
[0531/173403.036:WARNING:dns_config_service_win.cc(672)] Failed to read DnsConfig.
[0531/173403.036:WARNING:dns_config_service_win.cc(672)] Failed to read DnsConfig.
[0531/180316.866:WARNING:dns_config_service_win.cc(672)] Failed to read DnsConfig.
[0531/180316.867:WARNING:dns_config_service_win.cc(672)] Failed to read DnsConfig.
[0531/194705.409:WARNING:dns_config_service_win.cc(672)] Failed to read DnsConfig.
[0531/194705.410:WARNING:dns_config_service_win.cc(672)] Failed to read DnsConfig.
[0531/194710.412:WARNING:dns_config_service_win.cc(672)] Failed to read DnsConfig.
[0531/194710.413:WARNING:dns_config_service_win.cc(672)] Failed to read DnsConfig.
[0531/194715.415:WARNING:dns_config_service_win.cc(672)] Failed to read DnsConfig.
[0531/194715.417:WARNING:dns_config_service_win.cc(672)] Failed to read DnsConfig.
